<?xml version="1.0" encoding="UTF-8"?>
<!-- Generated by org.testng.reporters.JUnitXMLReporter -->
<testsuite ignored="0" hostname="LAPTOP-ETE3T59N" failures="1" tests="1" name="Web-Automation-Sept-2020" time="18.924" errors="0" timestamp="2021-01-07T14:00:24 PST">
  <testcase classname="news.TestNewsSection" name="allFeatures" time="0.008">
    <failure type="java.io.FileNotFoundException" message="null\data\nyp-test-steps.xls (The system cannot find the path specified)">
      <![CDATA[java.io.FileNotFoundException: null\data\nyp-test-steps.xls (The system cannot find the path specified)
at java.base/java.io.FileInputStream.open0(Native Method)
at java.base/java.io.FileInputStream.open(FileInputStream.java:212)
at java.base/java.io.FileInputStream.<init>(FileInputStream.java:154)
at datasources.ConnectToExcelFile.fileReader2(ConnectToExcelFile.java:47)
at datafetch.FetchTheSteps.getDataFromExcelFile(FetchTheSteps.java:12)
at features.AllFunctionality.runAllTheFeatureTest(AllFunctionality.java:53)
at news.TestNewsSection.allFeatures(TestNewsSection.java:15)
at java.base/java.util.ArrayList.forEach(ArrayList.java:1511)
at com.intellij.rt.testng.IDEARemoteTestNG.run(IDEARemoteTestNG.java:66)
at com.intellij.rt.testng.RemoteTestNGStarter.main(RemoteTestNGStarter.java:109)
... Removed 24 stack frames]]>
    </failure>
  </testcase> <!-- allFeatures -->
</testsuite> <!-- Web-Automation-Sept-2020 -->
