<?xml version="1.0" encoding="UTF-8"?>
<testng-results ignored="0" total="0" passed="0" failed="0" skipped="0">
  <reporter-output>
  </reporter-output>
  <suite started-at="2021-01-18T00:47:23 PST" name="Default Suite" finished-at="2021-01-18T00:47:23 PST" duration-ms="5">
    <groups>
    </groups>
    <test started-at="2021-01-18T00:47:23 PST" name="Web-Automation-Sept-2020" finished-at="2021-01-18T00:47:23 PST" duration-ms="5">
    </test> <!-- Web-Automation-Sept-2020 -->
  </suite> <!-- Default Suite -->
</testng-results>
