<?xml version="1.0" encoding="UTF-8"?>
<testng-results ignored="0" total="1" passed="0" failed="1" skipped="0">
  <reporter-output>
  </reporter-output>
  <suite started-at="2021-01-07T14:00:05 PST" name="Default Suite" finished-at="2021-01-07T14:00:24 PST" duration-ms="18924">
    <groups>
    </groups>
    <test started-at="2021-01-07T14:00:05 PST" name="Web-Automation-Sept-2020" finished-at="2021-01-07T14:00:24 PST" duration-ms="18924">
      <class name="news.TestNewsSection">
        <test-method is-config="true" signature="setUp(java.lang.String)[pri:0, instance:news.TestNewsSection@16267862]" started-at="2021-01-07T14:00:05 PST" name="setUp" finished-at="2021-01-07T14:00:24 PST" duration-ms="18811" status="PASS">
          <params>
            <param index="0">
              <value>
                <![CDATA[https://nypost.com/]]>
              </value>
            </param>
          </params>
          <reporter-output>
          </reporter-output>
        </test-method> <!-- setUp -->
        <test-method signature="allFeatures()[pri:0, instance:news.TestNewsSection@16267862]" started-at="2021-01-07T14:00:24 PST" name="allFeatures" finished-at="2021-01-07T14:00:24 PST" duration-ms="8" status="FAIL">
          <exception class="java.io.FileNotFoundException">
            <message>
              <![CDATA[null\data\nyp-test-steps.xls (The system cannot find the path specified)]]>
            </message>
            <full-stacktrace>
              <![CDATA[java.io.FileNotFoundException: null\data\nyp-test-steps.xls (The system cannot find the path specified)
at java.base/java.io.FileInputStream.open0(Native Method)
at java.base/java.io.FileInputStream.open(FileInputStream.java:212)
at java.base/java.io.FileInputStream.<init>(FileInputStream.java:154)
at datasources.ConnectToExcelFile.fileReader2(ConnectToExcelFile.java:47)
at datafetch.FetchTheSteps.getDataFromExcelFile(FetchTheSteps.java:12)
at features.AllFunctionality.runAllTheFeatureTest(AllFunctionality.java:53)
at news.TestNewsSection.allFeatures(TestNewsSection.java:15)
at java.base/jdk.internal.reflect.NativeMethodAccessorImpl.invoke0(Native Method)
at java.base/jdk.internal.reflect.NativeMethodAccessorImpl.invoke(NativeMethodAccessorImpl.java:62)
at java.base/jdk.internal.reflect.DelegatingMethodAccessorImpl.invoke(DelegatingMethodAccessorImpl.java:43)
at java.base/java.lang.reflect.Method.invoke(Method.java:564)
at org.testng.internal.MethodInvocationHelper.invokeMethod(MethodInvocationHelper.java:132)
at org.testng.internal.TestInvoker.invokeMethod(TestInvoker.java:599)
at org.testng.internal.TestInvoker.invokeTestMethod(TestInvoker.java:174)
at org.testng.internal.MethodRunner.runInSequence(MethodRunner.java:46)
at org.testng.internal.TestInvoker$MethodInvocationAgent.invoke(TestInvoker.java:822)
at org.testng.internal.TestInvoker.invokeTestMethods(TestInvoker.java:147)
at org.testng.internal.TestMethodWorker.invokeTestMethods(TestMethodWorker.java:146)
at org.testng.internal.TestMethodWorker.run(TestMethodWorker.java:128)
at java.base/java.util.ArrayList.forEach(ArrayList.java:1511)
at org.testng.TestRunner.privateRun(TestRunner.java:764)
at org.testng.TestRunner.run(TestRunner.java:585)
at org.testng.SuiteRunner.runTest(SuiteRunner.java:384)
at org.testng.SuiteRunner.runSequentially(SuiteRunner.java:378)
at org.testng.SuiteRunner.privateRun(SuiteRunner.java:337)
at org.testng.SuiteRunner.run(SuiteRunner.java:286)
at org.testng.SuiteRunnerWorker.runSuite(SuiteRunnerWorker.java:53)
at org.testng.SuiteRunnerWorker.run(SuiteRunnerWorker.java:96)
at org.testng.TestNG.runSuitesSequentially(TestNG.java:1218)
at org.testng.TestNG.runSuitesLocally(TestNG.java:1140)
at org.testng.TestNG.runSuites(TestNG.java:1069)
at org.testng.TestNG.run(TestNG.java:1037)
at com.intellij.rt.testng.IDEARemoteTestNG.run(IDEARemoteTestNG.java:66)
at com.intellij.rt.testng.RemoteTestNGStarter.main(RemoteTestNGStarter.java:109)
]]>
            </full-stacktrace>
          </exception> <!-- java.io.FileNotFoundException -->
          <reporter-output>
          </reporter-output>
        </test-method> <!-- allFeatures -->
        <test-method is-config="true" signature="cleanUp()[pri:0, instance:news.TestNewsSection@16267862]" started-at="2021-01-07T14:00:24 PST" name="cleanUp" finished-at="2021-01-07T14:00:24 PST" duration-ms="70" status="PASS">
          <reporter-output>
          </reporter-output>
        </test-method> <!-- cleanUp -->
      </class> <!-- news.TestNewsSection -->
    </test> <!-- Web-Automation-Sept-2020 -->
  </suite> <!-- Default Suite -->
</testng-results>
